{
  "stats": {
    "suites": 1,
    "tests": 11,
    "passes": 5,
    "pending": 0,
    "failures": 6,
    "start": "2020-02-27T13:24:04.249Z",
    "end": "2020-02-27T13:31:05.581Z",
    "duration": 421332,
    "testsRegistered": 11,
    "passPercent": 45.45454545454545,
    "pendingPercent": 0,
    "other": 0,
    "hasOther": false,
    "skipped": 0,
    "hasSkipped": false
  },
  "results": [
    {
      "uuid": "706593a3-c685-46fc-bc9d-492aa28e5fbd",
      "title": "",
      "fullFile": "cypress/integration/aplicacao-renda-fixa.spec.js",
      "file": "cypress/integration/aplicacao-renda-fixa.spec.js",
      "beforeHooks": [],
      "afterHooks": [],
      "tests": [],
      "suites": [
        {
          "uuid": "88df1cad-ccbc-489c-b6d5-036e79a0cb91",
          "title": "Aplicação/Renda Fixa",
          "fullFile": "",
          "file": "",
          "beforeHooks": [],
          "afterHooks": [],
          "tests": [
            {
              "title": "PAD-274 - Realizar fluxo de aplicação de Renda Fixa",
              "fullTitle": "Aplicação/Renda Fixa PAD-274 - Realizar fluxo de aplicação de Renda Fixa",
              "timedOut": null,
              "duration": 47870,
              "state": "failed",
              "speed": null,
              "pass": false,
              "fail": true,
              "pending": false,
              "context": null,
              "code": "cy.fazLogin();\nhomeLogadaPage.clicaBotaoInvestir();\ncatalogPage.rendaFixa();\ncatalogPage.selecionaFiltro('cdb'); // catalogPage.validaPrimeiroCard('CDB')\ncatalogPage.clicaPrimeiroCard();\nproductPage.validaLetraCDBPagProduto();\nproductPage.aplicaValor('5000');\nproductPage.clicaInvestirAgora();\nresumoCompraPage.validaPaginaResumoCompra();\nresumoCompraPage.clicaConfirmarCompra();",
              "err": {
                "message": "CypressError: Timed out retrying: Expected to find element: 'undefined', but never found it.",
                "estack": "CypressError: Timed out retrying: Expected to find element: 'undefined', but never found it.\n    at cypressErr (https://app-hml.invistacompi.com.br/__cypress/runner/cypress_runner.js:149934:9)\n    at throwErr (https://app-hml.invistacompi.com.br/__cypress/runner/cypress_runner.js:149867:11)\n    at Object.throwErrByPath (https://app-hml.invistacompi.com.br/__cypress/runner/cypress_runner.js:149915:3)\n    at retry (https://app-hml.invistacompi.com.br/__cypress/runner/cypress_runner.js:144197:19)\n    at onFailFn (https://app-hml.invistacompi.com.br/__cypress/runner/cypress_runner.js:132448:16)\n    at tryCatcher (https://app-hml.invistacompi.com.br/__cypress/runner/cypress_runner.js:167415:23)\n    at Promise._settlePromiseFromHandler (https://app-hml.invistacompi.com.br/__cypress/runner/cypress_runner.js:165351:31)\n    at Promise._settlePromise (https://app-hml.invistacompi.com.br/__cypress/runner/cypress_runner.js:165408:18)\n    at Promise._settlePromise0 (https://app-hml.invistacompi.com.br/__cypress/runner/cypress_runner.js:165453:10)\n    at Promise._settlePromises (https://app-hml.invistacompi.com.br/__cypress/runner/cypress_runner.js:165528:18)\n    at Async../node_modules/bluebird/js/release/async.js.Async._drainQueue (https://app-hml.invistacompi.com.br/__cypress/runner/cypress_runner.js:162140:16)\n    at Async../node_modules/bluebird/js/release/async.js.Async._drainQueues (https://app-hml.invistacompi.com.br/__cypress/runner/cypress_runner.js:162150:10)\n    at Async.drainQueues (https://app-hml.invistacompi.com.br/__cypress/runner/cypress_runner.js:162024:14)",
                "diff": null
              },
              "uuid": "c61cc982-461d-41af-bd4f-2638da4d49e5",
              "parentUUID": "88df1cad-ccbc-489c-b6d5-036e79a0cb91",
              "isHook": false,
              "skipped": false
            },
            {
              "title": "PAD-275 - Realizar fluxo de aplicação de Renda Fixa com valor em branco",
              "fullTitle": "Aplicação/Renda Fixa PAD-275 - Realizar fluxo de aplicação de Renda Fixa com valor em branco",
              "timedOut": null,
              "duration": 36926,
              "state": "passed",
              "speed": "slow",
              "pass": true,
              "fail": false,
              "pending": false,
              "context": null,
              "code": "cy.fazLogin();\nhomeLogadaPage.clicaBotaoInvestir();\ncatalogPage.rendaFixa();\ncatalogPage.selecionaFiltro('cdb');\ncatalogPage.clicaPrimeiroCard();\nproductPage.apagaValorAplicado();\nproductPage.validaValorAplicadoVazio();",
              "err": {},
              "uuid": "d8527e2d-0298-4ce6-a03d-fdcd7b08ad03",
              "parentUUID": "88df1cad-ccbc-489c-b6d5-036e79a0cb91",
              "isHook": false,
              "skipped": false
            },
            {
              "title": "PAD-276 - Realizar fluxo de aplicação de Renda Fixa com valor zerado",
              "fullTitle": "Aplicação/Renda Fixa PAD-276 - Realizar fluxo de aplicação de Renda Fixa com valor zerado",
              "timedOut": null,
              "duration": 37074,
              "state": "passed",
              "speed": "slow",
              "pass": true,
              "fail": false,
              "pending": false,
              "context": null,
              "code": "cy.fazLogin();\nhomeLogadaPage.clicaBotaoInvestir();\ncatalogPage.rendaFixa();\ncatalogPage.selecionaFiltro('cdb');\ncatalogPage.clicaPrimeiroCard();\nproductPage.digitaValorZerado();\nproductPage.validaValorAplicadoZerado();",
              "err": {},
              "uuid": "bbddae94-fc6b-49f4-9953-047ed04c532b",
              "parentUUID": "88df1cad-ccbc-489c-b6d5-036e79a0cb91",
              "isHook": false,
              "skipped": false
            },
            {
              "title": "PAD-278 - Realizar fluxo de aplicação Renda Fixa para cliente bloqueio PLD",
              "fullTitle": "Aplicação/Renda Fixa PAD-278 - Realizar fluxo de aplicação Renda Fixa para cliente bloqueio PLD",
              "timedOut": null,
              "duration": 37436,
              "state": "passed",
              "speed": "slow",
              "pass": true,
              "fail": false,
              "pending": false,
              "context": null,
              "code": "loginPage.digitaEmailUsuarioBloqueioPLD();\nloginPage.digitaSenha();\nloginPage.clicaBotaoLogin();\nhomeLogadaPage.validaHomeLogada();\nhomeLogadaPage.clicaBotaoInvestir();\ncatalogPage.rendaFixa();\ncatalogPage.selecionaFiltro('cdb');\ncatalogPage.clicaPrimeiroCard();\nproductPage.aplicaValor('5000');\nproductPage.clicaInvestirAgora();\nproductPage.validaMsgBloqueioPLD();",
              "err": {},
              "uuid": "93eb3a4b-cf94-4002-bbcc-846f373588b9",
              "parentUUID": "88df1cad-ccbc-489c-b6d5-036e79a0cb91",
              "isHook": false,
              "skipped": false
            },
            {
              "title": "PAD-279 - Realizar fluxo de aplicação Renda Fixa para cliente sem suitability",
              "fullTitle": "Aplicação/Renda Fixa PAD-279 - Realizar fluxo de aplicação Renda Fixa para cliente sem suitability",
              "timedOut": null,
              "duration": 12357,
              "state": "failed",
              "speed": null,
              "pass": false,
              "fail": true,
              "pending": false,
              "context": null,
              "code": "loginPage.digitaEmailUsuarioSemSuitability();\nloginPage.digitaSenha();\nloginPage.clicaBotaoLogin();\nhomeLogadaPage.validaHomeLogada();\nmenuPage.clicaCatalogo();\ncatalogPage.rendaFixa();\ncatalogPage.selecionaFiltro('cdb');\ncatalogPage.clicaPrimeiroCard();\nproductPage.aplicaValor('5000');\nproductPage.clicaInvestirAgora();\nsuitabilityPage.validaUrlPaginaSuitability();",
              "err": {
                "message": "CypressError: Timed out retrying: Expected to find element: '#email', but never found it.",
                "estack": "CypressError: Timed out retrying: Expected to find element: '#email', but never found it.\n    at cypressErr (https://app-hml.invistacompi.com.br/__cypress/runner/cypress_runner.js:149934:9)\n    at throwErr (https://app-hml.invistacompi.com.br/__cypress/runner/cypress_runner.js:149867:11)\n    at Object.throwErrByPath (https://app-hml.invistacompi.com.br/__cypress/runner/cypress_runner.js:149915:3)\n    at retry (https://app-hml.invistacompi.com.br/__cypress/runner/cypress_runner.js:144197:19)\n    at onFailFn (https://app-hml.invistacompi.com.br/__cypress/runner/cypress_runner.js:132448:16)\n    at tryCatcher (https://app-hml.invistacompi.com.br/__cypress/runner/cypress_runner.js:167415:23)\n    at Promise._settlePromiseFromHandler (https://app-hml.invistacompi.com.br/__cypress/runner/cypress_runner.js:165351:31)\n    at Promise._settlePromise (https://app-hml.invistacompi.com.br/__cypress/runner/cypress_runner.js:165408:18)\n    at Promise._settlePromise0 (https://app-hml.invistacompi.com.br/__cypress/runner/cypress_runner.js:165453:10)\n    at Promise._settlePromises (https://app-hml.invistacompi.com.br/__cypress/runner/cypress_runner.js:165528:18)\n    at Async../node_modules/bluebird/js/release/async.js.Async._drainQueue (https://app-hml.invistacompi.com.br/__cypress/runner/cypress_runner.js:162140:16)\n    at Async../node_modules/bluebird/js/release/async.js.Async._drainQueues (https://app-hml.invistacompi.com.br/__cypress/runner/cypress_runner.js:162150:10)\n    at Async.drainQueues (https://app-hml.invistacompi.com.br/__cypress/runner/cypress_runner.js:162024:14)",
                "diff": null
              },
              "uuid": "f825f5f6-b873-4be8-8fb9-b5615311cfd4",
              "parentUUID": "88df1cad-ccbc-489c-b6d5-036e79a0cb91",
              "isHook": false,
              "skipped": false
            },
            {
              "title": "PAD-280 - Realizar fluxo de aplicação Renda Fixa para cliente sem saldo",
              "fullTitle": "Aplicação/Renda Fixa PAD-280 - Realizar fluxo de aplicação Renda Fixa para cliente sem saldo",
              "timedOut": null,
              "duration": 38513,
              "state": "passed",
              "speed": "slow",
              "pass": true,
              "fail": false,
              "pending": false,
              "context": null,
              "code": "loginPage.digitaEmailUsuarioSemSaldo();\nloginPage.digitaSenha();\nloginPage.clicaBotaoLogin();\nhomeLogadaPage.validaHomeLogada();\nmenuPage.clicaCatalogo();\ncatalogPage.rendaFixa();\ncatalogPage.selecionaFiltro('cdb');\ncatalogPage.clicaPrimeiroCard();\nproductPage.aplicaValor('5000');\nproductPage.clicaInvestirAgora();\nproductPage.validaTelaSaldoInsuficiente();",
              "err": {},
              "uuid": "385879c0-c27d-40d8-815a-2fad87eb84a8",
              "parentUUID": "88df1cad-ccbc-489c-b6d5-036e79a0cb91",
              "isHook": false,
              "skipped": false
            },
            {
              "title": "PAD-281 - Realizar fluxo de aplicação de Renda Fixa em produto com risco maior ao perfil de risco do cliente",
              "fullTitle": "Aplicação/Renda Fixa PAD-281 - Realizar fluxo de aplicação de Renda Fixa em produto com risco maior ao perfil de risco do cliente",
              "timedOut": null,
              "duration": 41926,
              "state": "failed",
              "speed": null,
              "pass": false,
              "fail": true,
              "pending": false,
              "context": null,
              "code": "cy.fazLogin();\nhomeLogadaPage.clicaBotaoInvestir();\ncatalogPage.rendaFixa();\ncatalogPage.selecionaFiltro('cdb');\ncatalogPage.clicaCardRisco5();\nproductPage.aplicaValor('5000');\nproductPage.clicaInvestirAgora();\nproductPage.validaMsgRiscoAplicacao();\nproductPage.clicaAceitaTermos();\nresumoCompraPage.clicaConfirmarCompra();",
              "err": {
                "message": "CypressError: Timed out retrying: Expected to find content: 'A partir do seu perfil de investidor, percebemos que esse investimento que você escolheu não é o ideal para você' but never did.",
                "estack": "CypressError: Timed out retrying: Expected to find content: 'A partir do seu perfil de investidor, percebemos que esse investimento que você escolheu não é o ideal para você' but never did.\n    at cypressErr (https://app-hml.invistacompi.com.br/__cypress/runner/cypress_runner.js:149934:9)\n    at throwErr (https://app-hml.invistacompi.com.br/__cypress/runner/cypress_runner.js:149867:11)\n    at Object.throwErrByPath (https://app-hml.invistacompi.com.br/__cypress/runner/cypress_runner.js:149915:3)\n    at retry (https://app-hml.invistacompi.com.br/__cypress/runner/cypress_runner.js:144197:19)\n    at onFailFn (https://app-hml.invistacompi.com.br/__cypress/runner/cypress_runner.js:132448:16)\n    at tryCatcher (https://app-hml.invistacompi.com.br/__cypress/runner/cypress_runner.js:167415:23)\n    at Promise._settlePromiseFromHandler (https://app-hml.invistacompi.com.br/__cypress/runner/cypress_runner.js:165351:31)\n    at Promise._settlePromise (https://app-hml.invistacompi.com.br/__cypress/runner/cypress_runner.js:165408:18)\n    at Promise._settlePromise0 (https://app-hml.invistacompi.com.br/__cypress/runner/cypress_runner.js:165453:10)\n    at Promise._settlePromises (https://app-hml.invistacompi.com.br/__cypress/runner/cypress_runner.js:165528:18)\n    at Async../node_modules/bluebird/js/release/async.js.Async._drainQueue (https://app-hml.invistacompi.com.br/__cypress/runner/cypress_runner.js:162140:16)\n    at Async../node_modules/bluebird/js/release/async.js.Async._drainQueues (https://app-hml.invistacompi.com.br/__cypress/runner/cypress_runner.js:162150:10)\n    at Async.drainQueues (https://app-hml.invistacompi.com.br/__cypress/runner/cypress_runner.js:162024:14)",
                "diff": null
              },
              "uuid": "90cd5740-5919-4b01-a2e1-0ade5d6881eb",
              "parentUUID": "88df1cad-ccbc-489c-b6d5-036e79a0cb91",
              "isHook": false,
              "skipped": false
            },
            {
              "title": "PAD-282 - Realizar fluxo de aplicação de Renda Fixa e clicar em \"Escolher outro Investimento\" na tela de desenquadramento",
              "fullTitle": "Aplicação/Renda Fixa PAD-282 - Realizar fluxo de aplicação de Renda Fixa e clicar em \"Escolher outro Investimento\" na tela de desenquadramento",
              "timedOut": null,
              "duration": 43301,
              "state": "failed",
              "speed": null,
              "pass": false,
              "fail": true,
              "pending": false,
              "context": null,
              "code": "cy.fazLogin();\nhomeLogadaPage.clicaBotaoInvestir();\ncatalogPage.rendaFixa();\ncatalogPage.selecionaFiltro('cdb');\ncatalogPage.clicaPrimeiroCard();\nproductPage.aplicaValor('5000');\nproductPage.clicaInvestirAgora();\nresumoCompraPage.clicaEscolherOutro();\ncatalogPage.validaCatalogUrl('/catalog');",
              "err": {
                "message": "CypressError: Timed out retrying: Expected to find content: 'ESCOLHER OUTRO INVESTIMENTO' but never did.",
                "estack": "CypressError: Timed out retrying: Expected to find content: 'ESCOLHER OUTRO INVESTIMENTO' but never did.\n    at cypressErr (https://app-hml.invistacompi.com.br/__cypress/runner/cypress_runner.js:149934:9)\n    at throwErr (https://app-hml.invistacompi.com.br/__cypress/runner/cypress_runner.js:149867:11)\n    at Object.throwErrByPath (https://app-hml.invistacompi.com.br/__cypress/runner/cypress_runner.js:149915:3)\n    at retry (https://app-hml.invistacompi.com.br/__cypress/runner/cypress_runner.js:144197:19)\n    at onFailFn (https://app-hml.invistacompi.com.br/__cypress/runner/cypress_runner.js:132448:16)\n    at tryCatcher (https://app-hml.invistacompi.com.br/__cypress/runner/cypress_runner.js:167415:23)\n    at Promise._settlePromiseFromHandler (https://app-hml.invistacompi.com.br/__cypress/runner/cypress_runner.js:165351:31)\n    at Promise._settlePromise (https://app-hml.invistacompi.com.br/__cypress/runner/cypress_runner.js:165408:18)\n    at Promise._settlePromise0 (https://app-hml.invistacompi.com.br/__cypress/runner/cypress_runner.js:165453:10)\n    at Promise._settlePromises (https://app-hml.invistacompi.com.br/__cypress/runner/cypress_runner.js:165528:18)\n    at Async../node_modules/bluebird/js/release/async.js.Async._drainQueue (https://app-hml.invistacompi.com.br/__cypress/runner/cypress_runner.js:162140:16)\n    at Async../node_modules/bluebird/js/release/async.js.Async._drainQueues (https://app-hml.invistacompi.com.br/__cypress/runner/cypress_runner.js:162150:10)\n    at Async.drainQueues (https://app-hml.invistacompi.com.br/__cypress/runner/cypress_runner.js:162024:14)",
                "diff": null
              },
              "uuid": "d75f8bae-1649-45e6-a684-242de374ecf6",
              "parentUUID": "88df1cad-ccbc-489c-b6d5-036e79a0cb91",
              "isHook": false,
              "skipped": false
            },
            {
              "title": "PAD-283 - Realizar fluxo de aplicação de Renda Fixa informando valor superior ao saldo disponível na conta",
              "fullTitle": "Aplicação/Renda Fixa PAD-283 - Realizar fluxo de aplicação de Renda Fixa informando valor superior ao saldo disponível na conta",
              "timedOut": null,
              "duration": 39476,
              "state": "passed",
              "speed": "slow",
              "pass": true,
              "fail": false,
              "pending": false,
              "context": null,
              "code": "cy.fazLogin();\nhomeLogadaPage.clicaBotaoInvestir();\ncatalogPage.rendaFixa();\ncatalogPage.selecionaFiltro('cdb');\ncatalogPage.clicaPrimeiroCard();\nproductPage.aplicaValor('50000000');\nproductPage.clicaInvestirAgora();\nproductPage.validaTelaSaldoInsuficiente();",
              "err": {},
              "uuid": "ce1f4b69-67b3-4ee3-8d78-6d454b2fb41f",
              "parentUUID": "88df1cad-ccbc-489c-b6d5-036e79a0cb91",
              "isHook": false,
              "skipped": false
            },
            {
              "title": "PAD-284 - Realizar fluxo de aplicação de Renda Fixa informando token errado",
              "fullTitle": "Aplicação/Renda Fixa PAD-284 - Realizar fluxo de aplicação de Renda Fixa informando token errado",
              "timedOut": null,
              "duration": 37620,
              "state": "failed",
              "speed": null,
              "pass": false,
              "fail": true,
              "pending": false,
              "context": null,
              "code": "cy.fazLogin();\nhomeLogadaPage.clicaBotaoInvestir();\ncatalogPage.rendaFixa();\ncatalogPage.selecionaFiltro('cdb'); // catalogPage.validaPrimeiroCard('CDB')\ncatalogPage.clicaPrimeiroCard();\nproductPage.validaLetraCDBPagProduto();\nproductPage.aplicaValor('5000');\nproductPage.clicaInvestirAgora();\nresumoCompraPage.validaPaginaResumoCompra();\nresumoCompraPage.clicaConfirmarCompra();\nresumoCompraPage.digitaToken('654321');\nresumoCompraPage.clicaBtnConfirmarToken();\nresumoCompraPage.validaMsgErro('O Código Pi informado está incorreto');",
              "err": {
                "message": "CypressError: Timed out retrying: Expected to find element: 'undefined', but never found it.",
                "estack": "CypressError: Timed out retrying: Expected to find element: 'undefined', but never found it.\n    at cypressErr (https://app-hml.invistacompi.com.br/__cypress/runner/cypress_runner.js:149934:9)\n    at throwErr (https://app-hml.invistacompi.com.br/__cypress/runner/cypress_runner.js:149867:11)\n    at Object.throwErrByPath (https://app-hml.invistacompi.com.br/__cypress/runner/cypress_runner.js:149915:3)\n    at retry (https://app-hml.invistacompi.com.br/__cypress/runner/cypress_runner.js:144197:19)\n    at onFailFn (https://app-hml.invistacompi.com.br/__cypress/runner/cypress_runner.js:132448:16)\n    at tryCatcher (https://app-hml.invistacompi.com.br/__cypress/runner/cypress_runner.js:167415:23)\n    at Promise._settlePromiseFromHandler (https://app-hml.invistacompi.com.br/__cypress/runner/cypress_runner.js:165351:31)\n    at Promise._settlePromise (https://app-hml.invistacompi.com.br/__cypress/runner/cypress_runner.js:165408:18)\n    at Promise._settlePromise0 (https://app-hml.invistacompi.com.br/__cypress/runner/cypress_runner.js:165453:10)\n    at Promise._settlePromises (https://app-hml.invistacompi.com.br/__cypress/runner/cypress_runner.js:165528:18)\n    at Async../node_modules/bluebird/js/release/async.js.Async._drainQueue (https://app-hml.invistacompi.com.br/__cypress/runner/cypress_runner.js:162140:16)\n    at Async../node_modules/bluebird/js/release/async.js.Async._drainQueues (https://app-hml.invistacompi.com.br/__cypress/runner/cypress_runner.js:162150:10)\n    at Async.drainQueues (https://app-hml.invistacompi.com.br/__cypress/runner/cypress_runner.js:162024:14)",
                "diff": null
              },
              "uuid": "3e1b9420-1b00-4ec1-ba0e-6c00deebb0e5",
              "parentUUID": "88df1cad-ccbc-489c-b6d5-036e79a0cb91",
              "isHook": false,
              "skipped": false
            },
            {
              "title": "PAD-317 - Realizar fluxo de aplicação de Renda Fixa e clicar em \"Cancelar\" na modal de \"Código Pi\"",
              "fullTitle": "Aplicação/Renda Fixa PAD-317 - Realizar fluxo de aplicação de Renda Fixa e clicar em \"Cancelar\" na modal de \"Código Pi\"",
              "timedOut": null,
              "duration": 47635,
              "state": "failed",
              "speed": null,
              "pass": false,
              "fail": true,
              "pending": false,
              "context": null,
              "code": "cy.fazLogin();\nhomeLogadaPage.clicaBotaoInvestir();\ncatalogPage.rendaFixa();\ncatalogPage.selecionaFiltro('cdb');\ncatalogPage.clicaPrimeiroCard();\nproductPage.aplicaValor('5000');\nproductPage.clicaInvestirAgora();\nresumoCompraPage.validaPaginaResumoCompra();\nresumoCompraPage.clicaConfirmarCompra();\nresumoCompraPage.clicaCancelaCompraCodPi();\nresumoCompraPage.validaModalCodigoPiNaoVisivel();",
              "err": {
                "message": "CypressError: Timed out retrying: Expected to find content: 'TERMOS E CONDIÇÕES' but never did.",
                "estack": "CypressError: Timed out retrying: Expected to find content: 'TERMOS E CONDIÇÕES' but never did.\n    at cypressErr (https://app-hml.invistacompi.com.br/__cypress/runner/cypress_runner.js:149934:9)\n    at throwErr (https://app-hml.invistacompi.com.br/__cypress/runner/cypress_runner.js:149867:11)\n    at Object.throwErrByPath (https://app-hml.invistacompi.com.br/__cypress/runner/cypress_runner.js:149915:3)\n    at retry (https://app-hml.invistacompi.com.br/__cypress/runner/cypress_runner.js:144197:19)\n    at onFailFn (https://app-hml.invistacompi.com.br/__cypress/runner/cypress_runner.js:132448:16)\n    at tryCatcher (https://app-hml.invistacompi.com.br/__cypress/runner/cypress_runner.js:167415:23)\n    at Promise._settlePromiseFromHandler (https://app-hml.invistacompi.com.br/__cypress/runner/cypress_runner.js:165351:31)\n    at Promise._settlePromise (https://app-hml.invistacompi.com.br/__cypress/runner/cypress_runner.js:165408:18)\n    at Promise._settlePromise0 (https://app-hml.invistacompi.com.br/__cypress/runner/cypress_runner.js:165453:10)\n    at Promise._settlePromises (https://app-hml.invistacompi.com.br/__cypress/runner/cypress_runner.js:165528:18)\n    at Async../node_modules/bluebird/js/release/async.js.Async._drainQueue (https://app-hml.invistacompi.com.br/__cypress/runner/cypress_runner.js:162140:16)\n    at Async../node_modules/bluebird/js/release/async.js.Async._drainQueues (https://app-hml.invistacompi.com.br/__cypress/runner/cypress_runner.js:162150:10)\n    at Async.drainQueues (https://app-hml.invistacompi.com.br/__cypress/runner/cypress_runner.js:162024:14)",
                "diff": null
              },
              "uuid": "9c698d29-de79-46e0-864c-83590d2a62ce",
              "parentUUID": "88df1cad-ccbc-489c-b6d5-036e79a0cb91",
              "isHook": false,
              "skipped": false
            }
          ],
          "suites": [],
          "passes": [
            "d8527e2d-0298-4ce6-a03d-fdcd7b08ad03",
            "bbddae94-fc6b-49f4-9953-047ed04c532b",
            "93eb3a4b-cf94-4002-bbcc-846f373588b9",
            "385879c0-c27d-40d8-815a-2fad87eb84a8",
            "ce1f4b69-67b3-4ee3-8d78-6d454b2fb41f"
          ],
          "failures": [
            "c61cc982-461d-41af-bd4f-2638da4d49e5",
            "f825f5f6-b873-4be8-8fb9-b5615311cfd4",
            "90cd5740-5919-4b01-a2e1-0ade5d6881eb",
            "d75f8bae-1649-45e6-a684-242de374ecf6",
            "3e1b9420-1b00-4ec1-ba0e-6c00deebb0e5",
            "9c698d29-de79-46e0-864c-83590d2a62ce"
          ],
          "pending": [],
          "skipped": [],
          "duration": 420134,
          "root": false,
          "rootEmpty": false,
          "_timeout": 2000
        }
      ],
      "passes": [],
      "failures": [],
      "pending": [],
      "skipped": [],
      "duration": 0,
      "root": true,
      "rootEmpty": true,
      "_timeout": 2000
    }
  ],
  "meta": {
    "mocha": {
      "version": "5.2.0"
    },
    "mochawesome": {
      "options": {
        "quiet": false,
        "reportFilename": "mochawesome",
        "saveHtml": false,
        "saveJson": true,
        "consoleReporter": "spec",
        "useInlineDiffs": false
      },
      "version": "4.1.0"
    },
    "marge": {
      "options": {
        "overwrite": false,
        "html": false,
        "json": true
      },
      "version": "4.1.0"
    }
  }
}